{"/home/null/Documents/fullstack_clase/semana_actividad_4/actividad_4/server.js": {"path":"/home/null/Documents/fullstack_clase/semana_actividad_4/actividad_4/server.js","statementMap":{"0":{"start":{"line":1,"column":0},"end":{"line":1,"column":27}},"1":{"start":{"line":2,"column":16},"end":{"line":2,"column":34}},"2":{"start":{"line":3,"column":13},"end":{"line":3,"column":28}},"3":{"start":{"line":4,"column":15},"end":{"line":4,"column":34}},"4":{"start":{"line":5,"column":12},"end":{"line":5,"column":35}},"5":{"start":{"line":6,"column":34},"end":{"line":6,"column":52}},"6":{"start":{"line":8,"column":12},"end":{"line":8,"column":21}},"7":{"start":{"line":9,"column":13},"end":{"line":9,"column":37}},"8":{"start":{"line":12,"column":0},"end":{"line":12,"column":16}},"9":{"start":{"line":13,"column":0},"end":{"line":13,"column":24}},"10":{"start":{"line":14,"column":0},"end":{"line":14,"column":33}},"11":{"start":{"line":17,"column":19},"end":{"line":17,"column":78}},"12":{"start":{"line":24,"column":16},"end":{"line":24,"column":70}},"13":{"start":{"line":25,"column":4},"end":{"line":25,"column":34}},"14":{"start":{"line":26,"column":4},"end":{"line":26,"column":27}},"15":{"start":{"line":27,"column":4},"end":{"line":27,"column":21}},"16":{"start":{"line":28,"column":4},"end":{"line":28,"column":40}},"17":{"start":{"line":29,"column":4},"end":{"line":29,"column":14}},"18":{"start":{"line":33,"column":0},"end":{"line":33,"column":33}},"19":{"start":{"line":36,"column":26},"end":{"line":51,"column":1}},"20":{"start":{"line":37,"column":23},"end":{"line":37,"column":51}},"21":{"start":{"line":38,"column":18},"end":{"line":38,"column":56}},"22":{"start":{"line":40,"column":4},"end":{"line":42,"column":5}},"23":{"start":{"line":41,"column":8},"end":{"line":41,"column":76}},"24":{"start":{"line":44,"column":4},"end":{"line":50,"column":7}},"25":{"start":{"line":45,"column":8},"end":{"line":47,"column":9}},"26":{"start":{"line":46,"column":12},"end":{"line":46,"column":80}},"27":{"start":{"line":48,"column":8},"end":{"line":48,"column":24}},"28":{"start":{"line":49,"column":8},"end":{"line":49,"column":15}},"29":{"start":{"line":54,"column":16},"end":{"line":60,"column":1}},"30":{"start":{"line":55,"column":4},"end":{"line":59,"column":5}},"31":{"start":{"line":56,"column":8},"end":{"line":56,"column":15}},"32":{"start":{"line":58,"column":8},"end":{"line":58,"column":92}},"33":{"start":{"line":63,"column":0},"end":{"line":101,"column":3}},"34":{"start":{"line":64,"column":35},"end":{"line":64,"column":43}},"35":{"start":{"line":66,"column":4},"end":{"line":68,"column":5}},"36":{"start":{"line":67,"column":8},"end":{"line":67,"column":87}},"37":{"start":{"line":70,"column":4},"end":{"line":100,"column":5}},"38":{"start":{"line":71,"column":21},"end":{"line":71,"column":71}},"39":{"start":{"line":73,"column":8},"end":{"line":75,"column":9}},"40":{"start":{"line":74,"column":12},"end":{"line":74,"column":77}},"41":{"start":{"line":78,"column":30},"end":{"line":78,"column":75}},"42":{"start":{"line":81,"column":35},"end":{"line":81,"column":61}},"43":{"start":{"line":83,"column":8},"end":{"line":85,"column":9}},"44":{"start":{"line":84,"column":12},"end":{"line":84,"column":77}},"45":{"start":{"line":87,"column":22},"end":{"line":91,"column":9}},"46":{"start":{"line":93,"column":8},"end":{"line":97,"column":11}},"47":{"start":{"line":99,"column":8},"end":{"line":99,"column":55}},"48":{"start":{"line":104,"column":0},"end":{"line":140,"column":3}},"49":{"start":{"line":105,"column":35},"end":{"line":105,"column":43}},"50":{"start":{"line":107,"column":4},"end":{"line":109,"column":5}},"51":{"start":{"line":108,"column":8},"end":{"line":108,"column":87}},"52":{"start":{"line":111,"column":4},"end":{"line":113,"column":5}},"53":{"start":{"line":112,"column":8},"end":{"line":112,"column":97}},"54":{"start":{"line":115,"column":4},"end":{"line":139,"column":5}},"55":{"start":{"line":117,"column":29},"end":{"line":117,"column":79}},"56":{"start":{"line":119,"column":8},"end":{"line":121,"column":9}},"57":{"start":{"line":120,"column":12},"end":{"line":120,"column":75}},"58":{"start":{"line":124,"column":21},"end":{"line":124,"column":45}},"59":{"start":{"line":125,"column":31},"end":{"line":125,"column":64}},"60":{"start":{"line":128,"column":23},"end":{"line":131,"column":10}},"61":{"start":{"line":133,"column":8},"end":{"line":136,"column":11}},"62":{"start":{"line":138,"column":8},"end":{"line":138,"column":55}},"63":{"start":{"line":143,"column":0},"end":{"line":157,"column":3}},"64":{"start":{"line":144,"column":4},"end":{"line":156,"column":5}},"65":{"start":{"line":145,"column":25},"end":{"line":145,"column":75}},"66":{"start":{"line":147,"column":31},"end":{"line":152,"column":11}},"67":{"start":{"line":147,"column":50},"end":{"line":152,"column":9}},"68":{"start":{"line":153,"column":8},"end":{"line":153,"column":33}},"69":{"start":{"line":155,"column":8},"end":{"line":155,"column":55}},"70":{"start":{"line":160,"column":0},"end":{"line":185,"column":3}},"71":{"start":{"line":161,"column":41},"end":{"line":161,"column":49}},"72":{"start":{"line":163,"column":4},"end":{"line":165,"column":5}},"73":{"start":{"line":164,"column":8},"end":{"line":164,"column":82}},"74":{"start":{"line":167,"column":4},"end":{"line":184,"column":5}},"75":{"start":{"line":168,"column":23},"end":{"line":172,"column":10}},"76":{"start":{"line":174,"column":27},"end":{"line":179,"column":9}},"77":{"start":{"line":181,"column":8},"end":{"line":181,"column":41}},"78":{"start":{"line":183,"column":8},"end":{"line":183,"column":55}},"79":{"start":{"line":188,"column":0},"end":{"line":217,"column":3}},"80":{"start":{"line":189,"column":19},"end":{"line":189,"column":29}},"81":{"start":{"line":190,"column":41},"end":{"line":190,"column":49}},"82":{"start":{"line":192,"column":4},"end":{"line":194,"column":5}},"83":{"start":{"line":193,"column":8},"end":{"line":193,"column":82}},"84":{"start":{"line":196,"column":4},"end":{"line":216,"column":5}},"85":{"start":{"line":197,"column":25},"end":{"line":197,"column":41}},"86":{"start":{"line":198,"column":23},"end":{"line":202,"column":9}},"87":{"start":{"line":204,"column":8},"end":{"line":206,"column":9}},"88":{"start":{"line":205,"column":12},"end":{"line":205,"column":77}},"89":{"start":{"line":208,"column":8},"end":{"line":213,"column":11}},"90":{"start":{"line":215,"column":8},"end":{"line":215,"column":55}},"91":{"start":{"line":220,"column":0},"end":{"line":235,"column":3}},"92":{"start":{"line":221,"column":19},"end":{"line":221,"column":29}},"93":{"start":{"line":223,"column":4},"end":{"line":234,"column":5}},"94":{"start":{"line":224,"column":25},"end":{"line":224,"column":41}},"95":{"start":{"line":225,"column":23},"end":{"line":225,"column":83}},"96":{"start":{"line":227,"column":8},"end":{"line":229,"column":9}},"97":{"start":{"line":228,"column":12},"end":{"line":228,"column":77}},"98":{"start":{"line":231,"column":8},"end":{"line":231,"column":66}},"99":{"start":{"line":233,"column":8},"end":{"line":233,"column":55}},"100":{"start":{"line":238,"column":0},"end":{"line":243,"column":3}},"101":{"start":{"line":239,"column":4},"end":{"line":241,"column":5}},"102":{"start":{"line":240,"column":8},"end":{"line":240,"column":29}},"103":{"start":{"line":242,"column":4},"end":{"line":242,"column":20}},"104":{"start":{"line":246,"column":0},"end":{"line":248,"column":3}},"105":{"start":{"line":247,"column":4},"end":{"line":247,"column":69}}},"fnMap":{"0":{"name":"connectDB","decl":{"start":{"line":23,"column":15},"end":{"line":23,"column":24}},"loc":{"start":{"line":23,"column":27},"end":{"line":30,"column":1}},"line":23},"1":{"name":"(anonymous_1)","decl":{"start":{"line":36,"column":26},"end":{"line":36,"column":27}},"loc":{"start":{"line":36,"column":46},"end":{"line":51,"column":1}},"line":36},"2":{"name":"(anonymous_2)","decl":{"start":{"line":44,"column":34},"end":{"line":44,"column":35}},"loc":{"start":{"line":44,"column":49},"end":{"line":50,"column":5}},"line":44},"3":{"name":"(anonymous_3)","decl":{"start":{"line":54,"column":16},"end":{"line":54,"column":17}},"loc":{"start":{"line":54,"column":36},"end":{"line":60,"column":1}},"line":54},"4":{"name":"(anonymous_4)","decl":{"start":{"line":63,"column":23},"end":{"line":63,"column":24}},"loc":{"start":{"line":63,"column":43},"end":{"line":101,"column":1}},"line":63},"5":{"name":"(anonymous_5)","decl":{"start":{"line":104,"column":26},"end":{"line":104,"column":27}},"loc":{"start":{"line":104,"column":46},"end":{"line":140,"column":1}},"line":104},"6":{"name":"(anonymous_6)","decl":{"start":{"line":143,"column":25},"end":{"line":143,"column":26}},"loc":{"start":{"line":143,"column":45},"end":{"line":157,"column":1}},"line":143},"7":{"name":"(anonymous_7)","decl":{"start":{"line":147,"column":44},"end":{"line":147,"column":45}},"loc":{"start":{"line":147,"column":50},"end":{"line":152,"column":9}},"line":147},"8":{"name":"(anonymous_8)","decl":{"start":{"line":160,"column":54},"end":{"line":160,"column":55}},"loc":{"start":{"line":160,"column":74},"end":{"line":185,"column":1}},"line":160},"9":{"name":"(anonymous_9)","decl":{"start":{"line":188,"column":57},"end":{"line":188,"column":58}},"loc":{"start":{"line":188,"column":77},"end":{"line":217,"column":1}},"line":188},"10":{"name":"(anonymous_10)","decl":{"start":{"line":220,"column":60},"end":{"line":220,"column":61}},"loc":{"start":{"line":220,"column":80},"end":{"line":235,"column":1}},"line":220},"11":{"name":"(anonymous_11)","decl":{"start":{"line":238,"column":21},"end":{"line":238,"column":22}},"loc":{"start":{"line":238,"column":33},"end":{"line":243,"column":1}},"line":238},"12":{"name":"(anonymous_12)","decl":{"start":{"line":246,"column":17},"end":{"line":246,"column":18}},"loc":{"start":{"line":246,"column":23},"end":{"line":248,"column":1}},"line":246}},"branchMap":{"0":{"loc":{"start":{"line":9,"column":13},"end":{"line":9,"column":37}},"type":"binary-expr","locations":[{"start":{"line":9,"column":13},"end":{"line":9,"column":29}},{"start":{"line":9,"column":33},"end":{"line":9,"column":37}}],"line":9},"1":{"loc":{"start":{"line":17,"column":19},"end":{"line":17,"column":78}},"type":"binary-expr","locations":[{"start":{"line":17,"column":19},"end":{"line":17,"column":41}},{"start":{"line":17,"column":45},"end":{"line":17,"column":78}}],"line":17},"2":{"loc":{"start":{"line":24,"column":16},"end":{"line":24,"column":70}},"type":"binary-expr","locations":[{"start":{"line":24,"column":16},"end":{"line":24,"column":39}},{"start":{"line":24,"column":43},"end":{"line":24,"column":70}}],"line":24},"3":{"loc":{"start":{"line":38,"column":18},"end":{"line":38,"column":56}},"type":"binary-expr","locations":[{"start":{"line":38,"column":18},"end":{"line":38,"column":28}},{"start":{"line":38,"column":32},"end":{"line":38,"column":56}}],"line":38},"4":{"loc":{"start":{"line":40,"column":4},"end":{"line":42,"column":5}},"type":"if","locations":[{"start":{"line":40,"column":4},"end":{"line":42,"column":5}},{"start":{},"end":{}}],"line":40},"5":{"loc":{"start":{"line":45,"column":8},"end":{"line":47,"column":9}},"type":"if","locations":[{"start":{"line":45,"column":8},"end":{"line":47,"column":9}},{"start":{},"end":{}}],"line":45},"6":{"loc":{"start":{"line":55,"column":4},"end":{"line":59,"column":5}},"type":"if","locations":[{"start":{"line":55,"column":4},"end":{"line":59,"column":5}},{"start":{"line":57,"column":11},"end":{"line":59,"column":5}}],"line":55},"7":{"loc":{"start":{"line":55,"column":8},"end":{"line":55,"column":49}},"type":"binary-expr","locations":[{"start":{"line":55,"column":8},"end":{"line":55,"column":16}},{"start":{"line":55,"column":20},"end":{"line":55,"column":49}}],"line":55},"8":{"loc":{"start":{"line":66,"column":4},"end":{"line":68,"column":5}},"type":"if","locations":[{"start":{"line":66,"column":4},"end":{"line":68,"column":5}},{"start":{},"end":{}}],"line":66},"9":{"loc":{"start":{"line":66,"column":8},"end":{"line":66,"column":30}},"type":"binary-expr","locations":[{"start":{"line":66,"column":8},"end":{"line":66,"column":17}},{"start":{"line":66,"column":21},"end":{"line":66,"column":30}}],"line":66},"10":{"loc":{"start":{"line":73,"column":8},"end":{"line":75,"column":9}},"type":"if","locations":[{"start":{"line":73,"column":8},"end":{"line":75,"column":9}},{"start":{},"end":{}}],"line":73},"11":{"loc":{"start":{"line":83,"column":8},"end":{"line":85,"column":9}},"type":"if","locations":[{"start":{"line":83,"column":8},"end":{"line":85,"column":9}},{"start":{},"end":{}}],"line":83},"12":{"loc":{"start":{"line":83,"column":12},"end":{"line":83,"column":49}},"type":"binary-expr","locations":[{"start":{"line":83,"column":12},"end":{"line":83,"column":26}},{"start":{"line":83,"column":30},"end":{"line":83,"column":49}}],"line":83},"13":{"loc":{"start":{"line":107,"column":4},"end":{"line":109,"column":5}},"type":"if","locations":[{"start":{"line":107,"column":4},"end":{"line":109,"column":5}},{"start":{},"end":{}}],"line":107},"14":{"loc":{"start":{"line":107,"column":8},"end":{"line":107,"column":30}},"type":"binary-expr","locations":[{"start":{"line":107,"column":8},"end":{"line":107,"column":17}},{"start":{"line":107,"column":21},"end":{"line":107,"column":30}}],"line":107},"15":{"loc":{"start":{"line":111,"column":4},"end":{"line":113,"column":5}},"type":"if","locations":[{"start":{"line":111,"column":4},"end":{"line":113,"column":5}},{"start":{},"end":{}}],"line":111},"16":{"loc":{"start":{"line":119,"column":8},"end":{"line":121,"column":9}},"type":"if","locations":[{"start":{"line":119,"column":8},"end":{"line":121,"column":9}},{"start":{},"end":{}}],"line":119},"17":{"loc":{"start":{"line":163,"column":4},"end":{"line":165,"column":5}},"type":"if","locations":[{"start":{"line":163,"column":4},"end":{"line":165,"column":5}},{"start":{},"end":{}}],"line":163},"18":{"loc":{"start":{"line":163,"column":8},"end":{"line":163,"column":39}},"type":"binary-expr","locations":[{"start":{"line":163,"column":8},"end":{"line":163,"column":13}},{"start":{"line":163,"column":17},"end":{"line":163,"column":23}},{"start":{"line":163,"column":27},"end":{"line":163,"column":39}}],"line":163},"19":{"loc":{"start":{"line":192,"column":4},"end":{"line":194,"column":5}},"type":"if","locations":[{"start":{"line":192,"column":4},"end":{"line":194,"column":5}},{"start":{},"end":{}}],"line":192},"20":{"loc":{"start":{"line":192,"column":8},"end":{"line":192,"column":39}},"type":"binary-expr","locations":[{"start":{"line":192,"column":8},"end":{"line":192,"column":13}},{"start":{"line":192,"column":17},"end":{"line":192,"column":23}},{"start":{"line":192,"column":27},"end":{"line":192,"column":39}}],"line":192},"21":{"loc":{"start":{"line":204,"column":8},"end":{"line":206,"column":9}},"type":"if","locations":[{"start":{"line":204,"column":8},"end":{"line":206,"column":9}},{"start":{},"end":{}}],"line":204},"22":{"loc":{"start":{"line":227,"column":8},"end":{"line":229,"column":9}},"type":"if","locations":[{"start":{"line":227,"column":8},"end":{"line":229,"column":9}},{"start":{},"end":{}}],"line":227},"23":{"loc":{"start":{"line":239,"column":4},"end":{"line":241,"column":5}},"type":"if","locations":[{"start":{"line":239,"column":4},"end":{"line":241,"column":5}},{"start":{},"end":{}}],"line":239}},"s":{"0":0,"1":0,"2":0,"3":0,"4":0,"5":0,"6":0,"7":0,"8":0,"9":0,"10":0,"11":0,"12":0,"13":0,"14":0,"15":0,"16":0,"17":0,"18":0,"19":0,"20":0,"21":0,"22":0,"23":0,"24":0,"25":0,"26":0,"27":0,"28":0,"29":0,"30":0,"31":0,"32":0,"33":0,"34":0,"35":0,"36":0,"37":0,"38":0,"39":0,"40":0,"41":0,"42":0,"43":0,"44":0,"45":0,"46":0,"47":0,"48":0,"49":0,"50":0,"51":0,"52":0,"53":0,"54":0,"55":0,"56":0,"57":0,"58":0,"59":0,"60":0,"61":0,"62":0,"63":0,"64":0,"65":0,"66":0,"67":0,"68":0,"69":0,"70":0,"71":0,"72":0,"73":0,"74":0,"75":0,"76":0,"77":0,"78":0,"79":0,"80":0,"81":0,"82":0,"83":0,"84":0,"85":0,"86":0,"87":0,"88":0,"89":0,"90":0,"91":0,"92":0,"93":0,"94":0,"95":0,"96":0,"97":0,"98":0,"99":0,"100":0,"101":0,"102":0,"103":0,"104":0,"105":0},"f":{"0":0,"1":0,"2":0,"3":0,"4":0,"5":0,"6":0,"7":0,"8":0,"9":0,"10":0,"11":0,"12":0},"b":{"0":[0,0],"1":[0,0],"2":[0,0],"3":[0,0],"4":[0,0],"5":[0,0],"6":[0,0],"7":[0,0],"8":[0,0],"9":[0,0],"10":[0,0],"11":[0,0],"12":[0,0],"13":[0,0],"14":[0,0],"15":[0,0],"16":[0,0],"17":[0,0],"18":[0,0,0],"19":[0,0],"20":[0,0,0],"21":[0,0],"22":[0,0],"23":[0,0]}}
}
